2016-10-07 11:52:20,259 - os.name - Windows 10
2016-10-07 11:52:20,260 - os.arch - amd64
2016-10-07 11:52:20,260 - os.version - 10.0
2016-10-07 11:52:20,260 - java.version - 1.8.0_92
2016-10-07 11:52:20,260 - java.vendor - Oracle Corporation
2016-10-07 11:52:20,260 - java.vendor.url - http://java.oracle.com/
2016-10-07 11:52:20,260 - java.home - C:\Program Files\Java\jre1.8.0_92
2016-10-07 11:52:20,260 - java.vm.specification.name - Java Virtual Machine Specification
2016-10-07 11:52:20,260 - java.vm.specification.vendor - Oracle Corporation
2016-10-07 11:52:20,260 - java.vm.specification.version - 1.8
2016-10-07 11:52:20,260 - java.class.path - C:\Users\zoemu\Downloads\eclipse-java-mars-2-win32-x86_64\eclipse\\plugins/org.eclipse.equinox.launcher_1.3.100.v20150511-1540.jar
2016-10-07 11:52:20,260 - java.library.path - C:\Users\zoemu\Downloads\eclipse-java-mars-2-win32-x86_64\eclipse;C:\WINDOWS\Sun\Java\bin;C:\WINDOWS\system32;C:\WINDOWS;C:/Program Files/Java/jre1.8.0_92/bin/server;C:/Program Files/Java/jre1.8.0_92/bin;C:/Program Files/Java/jre1.8.0_92/lib/amd64;C:\ProgramData\Oracle\Java\javapath;C:\Program Files (x86)\Intel\iCLS Client\;C:\Program Files\Intel\iCLS Client\;C:\Windows\system32;C:\Windows;C:\Windows\System32\Wbem;C:\Windows\System32\WindowsPowerShell\v1.0\;C:\Program Files (x86)\Intel\Intel(R) Management Engine Components\DAL;C:\Program Files\Intel\Intel(R) Management Engine Components\DAL;C:\Program Files (x86)\Intel\Intel(R) Management Engine Components\IPT;C:\Program Files\Intel\Intel(R) Management Engine Components\IPT;C:\Program Files (x86)\Skype\Phone\;C:\WINDOWS\system32;C:\WINDOWS;C:\WINDOWS\System32\Wbem;C:\WINDOWS\System32\WindowsPowerShell\v1.0\;C:\Program Files\Intel\WiFi\bin\;C:\Program Files\Common Files\Intel\WirelessCommon\;C:\Program Files\Git\cmd;C:\Program Files\nodejs\;C:\Users\zoemu\AppData\Local\Programs\Python\Python35\Scripts\;C:\Users\zoemu\AppData\Local\Programs\Python\Python35\;C:\Program Files\Java\jdk1.8.0_92\bin;C:\Windows\System32;C:\Program Files\NVIDIA Corporation\OpenCL;C:\Program Files\gradle-2.14.1\bin;C:\Users\zoemu\AppData\Local\Microsoft\WindowsApps;C:\Users\zoemu\AppData\Roaming\npm;C:\Users\zoemu\Downloads\eclipse-java-mars-2-win32-x86_64\eclipse;;.
2016-10-07 11:52:20,260 - --------------------------------------
2016-10-07 11:52:20,260 - ## Eclipse Plug-ins Log Information ##
2016-10-07 11:52:20,260 - --------------------------------------
2016-10-07 11:52:20,651 - javax.el - 2.2.0.v201303151357
2016-10-07 11:52:20,677 - javax.servlet - 3.1.0.v201410161800
2016-10-07 11:52:20,700 - javax.servlet.jsp - 2.2.0.v201112011158
2016-10-07 11:52:20,730 - com.sun.el - 2.2.0.v201303151357
2016-10-07 11:52:20,731 - org.apache.commons.logging - 1.1.1.v201101211721
2016-10-07 11:52:20,795 - org.apache.jasper.glassfish - 2.2.2.v201501141630
2016-10-07 11:52:20,864 - org.apache.lucene.analysis - 3.5.0.v20120725-1805
2016-10-07 11:52:20,865 - org.apache.lucene.core - 3.5.0.v20120725-1805
2016-10-07 11:52:20,995 - org.eclipse.equinox.http.jetty - 3.1.2.v20160115-1350
2016-10-07 11:52:21,242 - org.eclipse.equinox.http.registry - 1.1.300.v20130402-1529
2016-10-07 11:52:21,270 - org.eclipse.equinox.http.servlet - 1.2.2.v20160202-2102
2016-10-07 11:52:21,399 - org.eclipse.equinox.jsp.jasper - 1.0.500.v20150119-1358
2016-10-07 11:52:21,486 - org.eclipse.equinox.jsp.jasper.registry - 1.0.300.v20130327-1442
2016-10-07 11:52:21,487 - org.eclipse.help.base - 4.0.301.v20160212-1500
2016-10-07 11:52:21,505 - org.eclipse.help.ui - 4.0.100.v20140401-0608
2016-10-07 11:52:21,528 - org.eclipse.help.webapp - 3.7.0.v20150425-0643
2016-10-07 11:52:21,641 - org.eclipse.jetty.continuation - 9.2.13.v20150730
2016-10-07 11:52:21,682 - org.eclipse.jetty.http - 9.2.13.v20150730
2016-10-07 11:52:21,706 - org.eclipse.jetty.io - 9.2.13.v20150730
2016-10-07 11:52:21,719 - org.eclipse.jetty.security - 9.2.13.v20150730
2016-10-07 11:52:21,738 - org.eclipse.jetty.server - 9.2.13.v20150730
2016-10-07 11:52:21,758 - org.eclipse.jetty.servlet - 9.2.13.v20150730
2016-10-07 11:52:21,784 - org.eclipse.jetty.util - 9.2.13.v20150730
2016-10-07 11:52:21,785 - org.eclipse.core.net - 1.2.300.v20141118-1725
2016-10-07 11:52:22,018 - org.eclipse.equinox.security - 1.2.100.v20150423-1356
2016-10-07 11:52:22,214 - org.eclipse.wb.os - 1.8.0.r45x201506110820
2016-10-07 11:52:22,250 - org.eclipse.wb.runtime - 1.8.0.r45x201506110820
2016-10-07 11:52:22,313 - org.eclipse.wb.runtime.lib - 1.8.0.r45x201506110820
2016-10-07 11:52:22,313 - org.eclipse.wb.core - 1.8.0.r45x201506110820
2016-10-07 11:52:22,741 - org.eclipse.wb.core.lib - 1.8.0.r45x201506110820
2016-10-07 11:52:22,761 - org.eclipse.wb.os.win32 - 1.8.0.r45x201506110820
2016-10-07 11:52:22,852 - org.eclipse.andmore.hierarchyviewer - 0.5.0.201605181018
2016-10-07 11:52:22,920 - org.eclipse.mylyn.bugzilla.core - 3.18.0.v20151009-2340
2016-10-07 11:52:22,921 - org.eclipse.mylyn.bugzilla.ui - 3.18.0.v20151009-2340
2016-10-07 11:52:23,028 - org.eclipse.sequoyah.device.backward - 2.1.0.N20120718-0509
2016-10-07 11:52:23,029 - org.eclipse.sequoyah.device.framework - 2.1.0.N20120718-0509
2016-10-07 11:52:23,044 - org.eclipse.sequoyah.device.framework.ui - 2.1.0.N20120718-0509
2016-10-07 11:52:23,155 - org.eclipse.sequoyah.device.service.start - 2.1.0.N20120718-0509
2016-10-07 11:52:23,280 - org.eclipse.sequoyah.device.service.stop - 2.1.0.N20120718-0509
2016-10-07 11:52:23,408 - org.eclipse.sequoyah.device.framework.wizard - 2.1.0.N20120718-0509
2016-10-07 11:52:23,467 - org.eclipse.xtext.xbase.lib - 2.9.1.v201512180746
2016-10-07 11:52:23,556 - org.eclipse.buildship.core - 1.0.8.v20160201-1803
2016-10-07 11:52:23,557 - org.eclipse.buildship.ui - 1.0.8.v20160201-1803
2016-10-07 11:52:23,558 - org.eclipse.buildship.branding - 1.0.8.v20160201-1803
2016-10-07 11:52:23,616 - org.eclipse.mylyn.tasks.core - 3.18.0.v20151202-0115
2016-10-07 11:52:23,616 - org.eclipse.mylyn.tasks.index.core - 3.18.0.v20151012-1647
2016-10-07 11:52:23,618 - org.eclipse.mylyn.tasks.index.ui - 3.18.0.v20151009-2340
2016-10-07 11:52:23,619 - org.eclipse.mylyn.tasks.search - 3.18.0.v20151009-2340
2016-10-07 11:52:23,621 - org.eclipse.mylyn.tasks.ui - 3.18.0.v20151211-2235
2016-10-07 11:52:23,739 - org.eclipse.egit.core - 4.1.1.201511131810-r
2016-10-07 11:52:23,750 - org.eclipse.egit.ui - 4.1.1.201511131810-r
2016-10-07 11:52:23,751 - org.eclipse.egit - 4.1.1.201511131810-r
2016-10-07 11:52:23,764 - org.eclipse.egit.doc - 4.1.1.201511131810-r
2016-10-07 11:52:23,834 - org.eclipse.aether.maven - 3.1.0.v20140706-2237
2016-10-07 11:52:23,893 - org.eclipse.gef - 3.10.1.201508170204
2016-10-07 11:52:24,274 - org.eclipse.mylyn.commons.identity.core - 1.10.0.v20151009-1724
2016-10-07 11:52:24,421 - org.eclipse.oomph.p2 - 1.3.0.v20160213-0953
2016-10-07 11:52:24,423 - org.eclipse.oomph.p2.core - 1.3.0.v20160213-0953
2016-10-07 11:52:24,426 - org.eclipse.oomph.p2.edit - 1.3.0.v20160213-0953
2016-10-07 11:52:24,449 - org.eclipse.oomph.p2.ui - 1.3.0.v20160213-0953
2016-10-07 11:52:24,482 - org.eclipse.oomph.p2.doc - 1.3.0.v20160213-0953
2016-10-07 11:52:24,595 - org.eclipse.xtext.xbase - 2.9.1.v201512180746
2016-10-07 11:52:24,651 - org.eclipse.xtext.xbase.ui - 2.9.1.v201512180746
2016-10-07 11:52:24,679 - org.eclipse.xtext.xbase.junit - 2.9.1.v201512180746
2016-10-07 11:52:24,705 - org.eclipse.xtext.xbase.ide - 2.9.1.v201512180746
2016-10-07 11:52:24,930 - org.eclipse.datatools.enablement.sqlite - 1.0.0.v201002041100
2016-10-07 11:52:25,077 - org.eclipse.datatools.enablement.sqlite.dbdefinition - 1.0.2.v201206010441
2016-10-07 11:52:25,186 - org.eclipse.datatools.enablement.sqlite.ui - 1.0.0.v201107221507
2016-10-07 11:52:25,186 - org.eclipse.datatools.enablement.finfo - 1.5.1.v200906161800
2016-10-07 11:52:25,359 - org.eclipse.emf.codegen.ui - 2.6.0.v20160208-0841
2016-10-07 11:52:25,459 - org.eclipse.mylyn.commons.notifications.core - 1.10.0.v20151009-1724
2016-10-07 11:52:25,460 - org.eclipse.mylyn.commons.notifications.feed - 1.10.0.v20151009-1724
2016-10-07 11:52:25,461 - org.eclipse.mylyn.commons.notifications.ui - 1.10.0.v20151102-1814
2016-10-07 11:52:25,587 - org.eclipse.emf.converter - 2.7.0.v20160208-0841
2016-10-07 11:52:25,622 - org.eclipse.emf.importer - 2.9.0.v20160208-0841
2016-10-07 11:52:25,642 - org.eclipse.emf.exporter - 2.7.0.v20160208-0841
2016-10-07 11:52:25,857 - org.eclipse.emf.importer.ecore - 2.8.0.v20160208-0841
2016-10-07 11:52:25,881 - org.eclipse.emf.importer.java - 2.7.0.v20160208-0841
2016-10-07 11:52:25,897 - org.eclipse.emf.importer.rose - 2.8.0.v20160208-0841
2016-10-07 11:52:25,949 - org.eclipse.emf.edit.ui - 2.11.1.v20160208-0841
2016-10-07 11:52:26,011 - org.eclipse.help - 3.6.0.v20130326-1254
2016-10-07 11:52:26,017 - org.eclipse.ui - 3.107.0.v20150507-1945
2016-10-07 11:52:26,030 - org.eclipse.ui.workbench - 3.107.1.v20160120-2131
2016-10-07 11:52:26,031 - org.eclipse.update.configurator - 3.3.300.v20140518-1928
2016-10-07 11:52:26,032 - org.eclipse.rcp - 4.5.2.v20160212-1500
2016-10-07 11:52:26,108 - org.eclipse.recommenders.rcp - 2.3.0.v20160216-1255
2016-10-07 11:52:26,176 - org.eclipse.recommenders.apidocs - 2.3.0.v20160216-1255
2016-10-07 11:52:26,177 - org.eclipse.recommenders.apidocs.rcp - 2.3.0.v20160216-1255
2016-10-07 11:52:26,251 - org.eclipse.recommenders.calls - 2.3.0.v20160216-1255
2016-10-07 11:52:26,291 - org.eclipse.recommenders.calls.rcp - 2.3.0.v20160216-1255
2016-10-07 11:52:26,325 - org.eclipse.recommenders.chain.rcp - 2.3.0.v20160216-1255
2016-10-07 11:52:26,379 - org.eclipse.recommenders.completion.rcp - 2.3.0.v20160216-1255
2016-10-07 11:52:26,463 - org.eclipse.recommenders.constructors - 2.3.0.v20160216-1255
2016-10-07 11:52:26,549 - org.eclipse.recommenders.constructors.rcp - 2.3.0.v20160216-1255
2016-10-07 11:52:26,695 - org.eclipse.recommenders.coordinates - 2.3.0.v20160216-1255
2016-10-07 11:52:26,696 - org.eclipse.recommenders.coordinates.rcp - 2.3.0.v20160216-1255
2016-10-07 11:52:26,796 - org.eclipse.recommenders.injection - 2.3.0.v20160216-1255
2016-10-07 11:52:26,813 - org.eclipse.recommenders.jayes - 2.3.0.v20160216-1255
2016-10-07 11:52:26,940 - org.eclipse.recommenders.jayes.io - 2.3.0.v20160216-1255
2016-10-07 11:52:27,051 - org.eclipse.recommenders.jdt - 2.3.0.v20160216-1255
2016-10-07 11:52:27,067 - org.eclipse.recommenders.models - 2.3.0.v20160216-1255
2016-10-07 11:52:27,070 - org.eclipse.recommenders.models.rcp - 2.3.0.v20160216-1255
2016-10-07 11:52:27,124 - org.eclipse.recommenders.net - 2.3.0.v20160216-1255
2016-10-07 11:52:27,247 - org.eclipse.recommenders.overrides - 2.3.0.v20160216-1255
2016-10-07 11:52:27,358 - org.eclipse.recommenders.overrides.rcp - 2.3.0.v20160216-1255
2016-10-07 11:52:27,480 - org.eclipse.recommenders.subwords.rcp - 2.3.0.v20160216-1255
2016-10-07 11:52:27,682 - org.eclipse.recommenders.types.rcp - 2.3.0.v20160216-1255
2016-10-07 11:52:27,703 - org.eclipse.recommenders.utils - 2.3.0.v20160216-1255
2016-10-07 11:52:27,884 - org.eclipse.recommenders.utils.rcp - 2.3.0.v20160216-1255
2016-10-07 11:52:28,065 - org.eclipse.mylyn.commons.repositories.http.core - 1.10.0.v20151009-1724
2016-10-07 11:52:28,144 - org.eclipse.datatools.connectivity.oda.design.ui - 3.2.9.v201403131814
2016-10-07 11:52:28,145 - org.eclipse.datatools.connectivity.ui.dse - 1.1.5.v201212070447
2016-10-07 11:52:28,174 - org.eclipse.datatools.connectivity.ui - 1.2.4.v201212070447
2016-10-07 11:52:28,192 - org.eclipse.datatools.connectivity.sqm.core - 1.2.8.v201401230755
2016-10-07 11:52:28,243 - org.eclipse.datatools.help - 1.5.0.v200906020553
2016-10-07 11:52:28,303 - org.eclipse.jdt - 3.11.2.v20160212-1500
2016-10-07 11:52:28,316 - org.eclipse.ant.ui - 3.6.101.v20160203-1242
2016-10-07 11:52:28,340 - org.eclipse.jdt.apt.core - 3.4.0.v20150518-1201
2016-10-07 11:52:28,355 - org.eclipse.jdt.apt.ui - 3.4.0.v20150423-0947
2016-10-07 11:52:28,463 - org.eclipse.jdt.apt.pluggable.core - 1.1.0.v20150423-0947
2016-10-07 11:52:28,464 - org.eclipse.jdt.compiler.apt - 1.2.0.v20150514-0146
2016-10-07 11:52:28,464 - org.eclipse.jdt.compiler.tool - 1.1.0.v20150513-2007
2016-10-07 11:52:28,465 - org.eclipse.jdt.core - 3.11.2.v20160128-0629
2016-10-07 11:52:28,559 - org.eclipse.jdt.annotation - 2.0.100.v20150311-1658
2016-10-07 11:52:28,559 - org.eclipse.jdt.annotation - 2.0.100.v20150311-1658
2016-10-07 11:52:28,560 - org.eclipse.jdt.core.manipulation - 1.5.100.v20141002-1241
2016-10-07 11:52:28,576 - org.eclipse.jdt.debug.ui - 3.7.101.v20160203-1236
2016-10-07 11:52:28,681 - org.eclipse.jdt.debug - 3.9.1.v20160128-1343
2016-10-07 11:52:28,690 - org.eclipse.jdt.junit - 3.8.0.v20150428-1340
2016-10-07 11:52:28,731 - org.eclipse.jdt.junit.core - 3.7.400.v20150423-0747
2016-10-07 11:52:28,751 - org.eclipse.jdt.junit.runtime - 3.4.500.v20140527-1138
2016-10-07 11:52:28,859 - org.eclipse.jdt.junit4.runtime - 1.1.500.v20150423-0747
2016-10-07 11:52:28,862 - org.eclipse.jdt.launching - 3.8.0.v20150527-0946
2016-10-07 11:52:28,885 - org.eclipse.jdt.ui - 3.11.2.v20151123-1510
2016-10-07 11:52:28,945 - org.junit - 4.12.0.v201504281640
2016-10-07 11:52:28,973 - org.hamcrest.core - 1.3.0.v201303031735
2016-10-07 11:52:29,034 - org.eclipse.jdt.doc.user - 3.11.1.v20150819-1130
2016-10-07 11:52:29,061 - org.eclipse.ant.launching - 1.1.101.v20160203-1242
2016-10-07 11:52:29,203 - org.eclipse.emf.common - 2.11.1.v20160208-0816
2016-10-07 11:52:29,424 - org.eclipse.fx.ide.css - 2.3.0.201603030809
2016-10-07 11:52:29,452 - org.eclipse.fx.ide.css.cssext - 2.3.0.201603030809
2016-10-07 11:52:29,472 - org.eclipse.fx.ide.css.cssext.ui - 2.3.0.201603030809
2016-10-07 11:52:29,580 - org.eclipse.fx.ide.css.ui - 2.3.0.201603030809
2016-10-07 11:52:29,654 - org.eclipse.fx.ide.css.jfx2 - 2.3.0.201603030809
2016-10-07 11:52:29,726 - org.eclipse.fx.ide.css.jfx8 - 2.3.0.201603030809
2016-10-07 11:52:29,759 - org.eclipse.fx.ide.css.cssext.proposals - 2.2.0.201603030809
2016-10-07 11:52:29,774 - org.eclipse.fx.ui.panes - 2.3.0.201603030703
2016-10-07 11:52:29,789 - org.eclipse.fx.ui.controls - 2.3.0.201603030703
2016-10-07 11:52:29,860 - org.eclipse.fx.ui.animation - 2.3.0.201603030703
2016-10-07 11:52:29,904 - org.eclipse.sequoyah.vnc.vncviewer.vncviews - 2.1.0.N20120718-0509
2016-10-07 11:52:30,025 - org.eclipse.egit.mylyn.ui - 4.1.1.201511131810-r
2016-10-07 11:52:30,084 - org.eclipse.xtend.core - 2.9.1.v201512180746
2016-10-07 11:52:30,104 - org.eclipse.xtend.ide.common - 2.9.1.v201512180746
2016-10-07 11:52:30,118 - org.eclipse.xtend.lib - 2.9.1.v201512180746
2016-10-07 11:52:30,138 - org.eclipse.xtend.lib.macro - 2.9.1.v201512180746
2016-10-07 11:52:30,184 - org.eclipse.xtend2.lib - 2.9.1.v201512180746
2016-10-07 11:52:30,185 - org.eclipse.xtend.ide - 2.9.1.v201512180746
2016-10-07 11:52:30,195 - org.eclipse.xtend.examples - 2.9.1.v201512180746
2016-10-07 11:52:30,224 - org.eclipse.xtend.doc - 2.9.1.v201512180746
2016-10-07 11:52:30,259 - org.eclipse.xtend.m2e - 2.9.1.v201512180746
2016-10-07 11:52:30,283 - org.eclipse.xtend.standalone - 2.9.1.v201512180746
2016-10-07 11:52:30,337 - org.eclipse.datatools.sqltools.common.ui - 1.0.1.v201212120623
2016-10-07 11:52:30,350 - org.eclipse.datatools.sqltools.debugger.core - 1.0.1.v201107221520
2016-10-07 11:52:30,368 - org.eclipse.datatools.sqltools.editor.core - 1.0.3.v201212120623
2016-10-07 11:52:30,368 - org.eclipse.datatools.sqltools.plan - 1.0.0.v201107221520
2016-10-07 11:52:30,547 - org.eclipse.datatools.sqltools.routineeditor - 1.0.0.v201107221520
2016-10-07 11:52:30,567 - org.eclipse.datatools.sqltools.sql - 1.0.1.v201110050515
2016-10-07 11:52:30,591 - org.eclipse.datatools.sqltools.sqleditor - 1.0.4.v201212120623
2016-10-07 11:52:30,591 - org.eclipse.datatools.sqltools.sqlscrapbook - 1.0.2.v201205310922
2016-10-07 11:52:30,591 - org.eclipse.datatools.help - 1.5.0.v200906020553
2016-10-07 11:52:30,604 - org.eclipse.datatools.sqltools.db.generic - 1.0.0.v201107221520
2016-10-07 11:52:30,619 - org.eclipse.datatools.sqltools.debugger.core.ui - 1.0.0.v201003161000
2016-10-07 11:52:30,814 - org.eclipse.datatools.sqltools.editor.core.ui - 1.0.0.v201001150815
2016-10-07 11:52:30,827 - org.eclipse.datatools.sqltools.result.ui - 1.1.3.v201302061703
2016-10-07 11:52:30,847 - org.eclipse.datatools.sqltools.routineeditor.ui - 1.0.3.v201211200616
2016-10-07 11:52:30,918 - org.eclipse.datatools.sqltools.sql.ui - 1.0.1.v201201270735
2016-10-07 11:52:30,983 - org.objectweb.asm - 5.0.1.v201404251740
2016-10-07 11:52:30,983 - org.eclipse.andmore - 0.5.0.201605181018
2016-10-07 11:52:30,983 - org.eclipse.andmore.base - 0.5.0.201605181018
2016-10-07 11:52:30,999 - org.eclipse.andmore.ddms - 0.5.0.201605181018
2016-10-07 11:52:31,049 - org.eclipse.andmore.overlay - 0.5.0.201605181018
2016-10-07 11:52:31,063 - org.apache.commons.codec - 1.6.0.v201305230611
2016-10-07 11:52:31,113 - org.apache.commons.compress - 1.6.0.v201310281400
2016-10-07 11:52:31,114 - org.apache.httpcomponents.httpclient - 4.3.6.v201411290715
2016-10-07 11:52:31,114 - org.apache.httpcomponents.httpcore - 4.3.3.v201411290715
2016-10-07 11:52:31,187 - org.eclipse.datatools.modelbase.dbdefinition - 1.0.2.v201107221519
2016-10-07 11:52:31,208 - org.eclipse.datatools.modelbase.sql.edit - 1.0.2.v201208230744
2016-10-07 11:52:31,234 - org.eclipse.datatools.modelbase.sql.query - 1.1.4.v201212120619
2016-10-07 11:52:31,246 - org.eclipse.datatools.modelbase.sql.query.edit - 1.0.1.v201110151245
2016-10-07 11:52:31,255 - org.eclipse.datatools.modelbase.sql.xml.query - 1.0.2.v201201131123
2016-10-07 11:52:31,256 - org.eclipse.datatools.modelbase.sql - 1.0.6.v201208230744
2016-10-07 11:52:31,307 - org.eclipse.emf.mapping - 2.9.0.v20160208-0841
2016-10-07 11:52:31,380 - org.eclipse.oomph.setup.editor - 1.3.0.v20160213-0953
2016-10-07 11:52:31,395 - org.eclipse.oomph.setup.ui - 1.3.0.v20160213-0953
2016-10-07 11:52:31,425 - org.eclipse.oomph.setup.doc - 1.3.0.v20160213-0953
2016-10-07 11:52:31,442 - org.eclipse.oomph.setup.ui.questionnaire - 1.3.0.v20160213-0953
2016-10-07 11:52:31,443 - org.eclipse.oomph.jreinfo.ui - 1.3.0.v20160213-0953
2016-10-07 11:52:31,497 - org.eclipse.emf.ecore - 2.11.2.v20160208-0816
2016-10-07 11:52:31,515 - org.eclipse.emf.ecore.change - 2.11.0.v20160208-0816
2016-10-07 11:52:31,516 - org.eclipse.emf.ecore.xmi - 2.11.1.v20160208-0816
2016-10-07 11:52:31,572 - org.eclipse.jgit - 4.1.1.201511131810-r
2016-10-07 11:52:31,638 - org.eclipse.jgit.archive - 4.1.1.201511131810-r
2016-10-07 11:52:31,655 - com.jcraft.jsch - 0.1.53.v201508180515
2016-10-07 11:52:31,672 - javaewah - 0.7.9.v201401101600
2016-10-07 11:52:31,672 - org.apache.commons.compress - 1.6.0.v201310281400
2016-10-07 11:52:31,673 - org.slf4j.api - 1.7.2.v20121108-1250
2016-10-07 11:52:31,673 - org.slf4j.impl.log4j12 - 1.7.2.v20131105-2200
2016-10-07 11:52:31,822 - org.apache.log4j - 1.2.15.v201012070815
2016-10-07 11:52:31,922 - org.eclipse.mylyn.wikitext.core - 2.7.0.v20151015-1452
2016-10-07 11:52:32,049 - org.eclipse.mylyn.wikitext.core.ant - 2.7.0.v20151009-1723
2016-10-07 11:52:32,107 - org.eclipse.mylyn.wikitext.core.osgi - 2.7.0.v20151009-1723
2016-10-07 11:52:32,120 - org.eclipse.mylyn.wikitext.textile.core - 2.7.0.v20151009-1723
2016-10-07 11:52:32,220 - org.eclipse.mylyn.wikitext.html.core - 2.7.0.v20151015-1452
2016-10-07 11:52:32,229 - org.eclipse.mylyn.wikitext.markdown.core - 2.7.0.v20151009-1723
2016-10-07 11:52:32,244 - org.eclipse.mylyn.wikitext.mediawiki.core - 2.7.0.v20151009-1723
2016-10-07 11:52:32,264 - org.eclipse.mylyn.wikitext.confluence.core - 2.7.0.v20151009-1723
2016-10-07 11:52:32,291 - org.eclipse.mylyn.wikitext.tracwiki.core - 2.7.0.v20151009-1723
2016-10-07 11:52:32,452 - org.eclipse.mylyn.wikitext.twiki.core - 2.7.0.v20151009-1723
2016-10-07 11:52:32,465 - org.eclipse.mylyn.wikitext.ui - 2.7.0.v20151009-1723
2016-10-07 11:52:32,487 - org.eclipse.mylyn.wikitext.help.ui - 2.7.0.v20151009-1723
2016-10-07 11:52:32,540 - org.eclipse.mylyn.wikitext.textile.ui - 2.7.0.v20151009-1723
2016-10-07 11:52:32,574 - org.eclipse.mylyn.wikitext.markdown.ui - 2.7.0.v20151009-1723
2016-10-07 11:52:32,636 - org.eclipse.mylyn.wikitext.mediawiki.ui - 2.7.0.v20151009-1723
2016-10-07 11:52:32,698 - org.eclipse.mylyn.wikitext.confluence.ui - 2.7.0.v20151009-1723
2016-10-07 11:52:32,742 - org.eclipse.mylyn.wikitext.tracwiki.ui - 2.7.0.v20151009-1723
2016-10-07 11:52:32,790 - org.eclipse.mylyn.wikitext.twiki.ui - 2.7.0.v20151009-1723
2016-10-07 11:52:32,916 - org.eclipse.mylyn.wikitext.tasks.ui - 2.7.0.v20151009-1723
2016-10-07 11:52:32,981 - org.eclipse.mylyn.wikitext.context.ui - 2.7.0.v20151009-1723
2016-10-07 11:52:33,050 - org.eclipse.emf.mapping.ecore.editor - 2.6.0.v20160208-0841
2016-10-07 11:52:33,141 - org.eclipse.emf.mapping.ecore2ecore.editor - 2.7.0.v20160208-0841
2016-10-07 11:52:33,168 - org.eclipse.emf.mapping.ecore2xml.ui - 2.8.0.v20160208-0841
2016-10-07 11:52:33,236 - org.eclipse.recommenders.mylyn.rcp - 2.3.0.v20160216-1255
2016-10-07 11:52:34,234 - org.apache.ant - 1.9.6.v201510161327
2016-10-07 11:52:34,253 - org.eclipse.ant.core - 3.4.0.v20150428-1928
2016-10-07 11:52:34,253 - com.jcraft.jsch - 0.1.53.v201508180515
2016-10-07 11:52:34,270 - org.eclipse.compare.core - 3.5.500.v20150505-1058
2016-10-07 11:52:34,293 - org.eclipse.compare - 3.5.600.v20150420-1449
2016-10-07 11:52:34,404 - org.eclipse.compare.win32 - 1.0.200.v20130514-1224
2016-10-07 11:52:34,405 - org.eclipse.core.filebuffers - 3.5.500.v20140723-1040
2016-10-07 11:52:34,406 - org.eclipse.core.filesystem - 1.5.0.v20150725-1910
2016-10-07 11:52:34,406 - org.eclipse.core.net - 1.2.300.v20141118-1725
2016-10-07 11:52:34,406 - org.eclipse.core.net.win32.x86_64 - 1.0.100.v20140124-2013
2016-10-07 11:52:34,407 - org.eclipse.core.resources - 3.10.1.v20150725-1910
2016-10-07 11:52:34,408 - org.eclipse.core.runtime.compatibility - 3.2.300.v20150423-0821
2016-10-07 11:52:34,451 - org.eclipse.core.runtime.compatibility.registry - 3.6.0.v20150318-1505
2016-10-07 11:52:34,527 - org.eclipse.osgi.util - 3.3.100.v20150423-1351
2016-10-07 11:52:34,527 - org.eclipse.debug.core - 3.10.0.v20150303-1130
2016-10-07 11:52:34,545 - org.eclipse.debug.ui - 3.11.101.v20160203-1230
2016-10-07 11:52:34,546 - org.eclipse.equinox.event - 1.3.100.v20140115-1647
2016-10-07 11:52:34,546 - org.eclipse.ltk.core.refactoring - 3.6.201.v20150819-1034
2016-10-07 11:52:34,560 - org.eclipse.ltk.ui.refactoring - 3.7.200.v20140625-1835
2016-10-07 11:52:34,560 - org.eclipse.platform - 4.5.2.v20160212-1500
2016-10-07 11:52:34,585 - org.eclipse.platform.doc.user - 4.5.1.v20150819-1130
2016-10-07 11:52:34,593 - org.eclipse.search - 3.10.0.v20150318-0856
2016-10-07 11:52:34,594 - org.eclipse.team.core - 3.7.100.v20150203-1452
2016-10-07 11:52:34,603 - org.eclipse.team.ui - 3.7.200.v20150203-1452
2016-10-07 11:52:34,603 - org.eclipse.text - 3.5.400.v20150505-1044
2016-10-07 11:52:34,610 - org.eclipse.jface.text - 3.10.0.v20150603-1752
2016-10-07 11:52:34,750 - org.eclipse.jsch.core - 1.2.0.v20141202-1415
2016-10-07 11:52:34,769 - org.eclipse.jsch.ui - 1.2.0.v20141202-1415
2016-10-07 11:52:34,782 - org.eclipse.ui.console - 3.6.100.v20150822-1912
2016-10-07 11:52:34,791 - org.eclipse.ui.intro - 3.4.300.v20141007-1449
2016-10-07 11:52:34,791 - org.eclipse.ui.intro.universal - 3.2.800.v20150325-0952
2016-10-07 11:52:34,804 - org.eclipse.ui.cheatsheets - 3.4.200.v20131227-1524
2016-10-07 11:52:34,814 - org.eclipse.ui.browser - 3.4.300.v20150429-0602
2016-10-07 11:52:34,815 - org.eclipse.ui.monitoring - 1.0.0.v20150512-1436
2016-10-07 11:52:34,834 - org.eclipse.ui.navigator - 3.6.0.v20150422-0725
2016-10-07 11:52:34,834 - org.eclipse.ui.navigator.resources - 3.5.1.v20160128-1644
2016-10-07 11:52:34,835 - org.eclipse.ui.net - 1.2.200.v20120807-0927
2016-10-07 11:52:34,844 - org.eclipse.ui.workbench.texteditor - 3.9.100.v20141023-1946
2016-10-07 11:52:34,844 - org.eclipse.ui.views - 3.8.0.v20150422-0725
2016-10-07 11:52:34,860 - org.eclipse.ui.editors - 3.9.0.v20150213-1939
2016-10-07 11:52:34,861 - org.eclipse.ui.externaltools - 3.3.0.v20150302-1002
2016-10-07 11:52:34,874 - org.eclipse.ui.ide - 3.11.0.v20150825-2158
2016-10-07 11:52:34,875 - org.eclipse.ui.ide.application - 1.1.0.v20150422-0725
2016-10-07 11:52:34,875 - org.eclipse.ui.win32 - 3.2.500.v20150423-0822
2016-10-07 11:52:34,875 - org.eclipse.core.resources.win32.x86_64 - 3.5.0.v20140124-1940
2016-10-07 11:52:34,875 - org.eclipse.core.filesystem.win32.x86_64 - 1.4.0.v20140124-1940
2016-10-07 11:52:34,979 - org.eclipse.core.variables - 3.2.800.v20130819-1716
2016-10-07 11:52:34,979 - org.eclipse.ui.forms - 3.6.200.v20150506-2029
2016-10-07 11:52:34,995 - org.eclipse.ui.views.properties.tabbed - 3.6.100.v20150423-0822
2016-10-07 11:52:34,995 - org.eclipse.equinox.security - 1.2.100.v20150423-1356
2016-10-07 11:52:35,019 - org.eclipse.equinox.security.ui - 1.1.201.v20150803-1228
2016-10-07 11:52:35,019 - org.eclipse.equinox.security.win32.x86_64 - 1.0.100.v20130327-1442
2016-10-07 11:52:35,107 - org.eclipse.core.externaltools - 1.0.300.v20140219-0051
2016-10-07 11:52:35,107 - org.eclipse.ui.themes - 1.1.1.v20151026-1355
2016-10-07 11:52:35,107 - org.eclipse.core.filesystem.java7 - 1.0.100.v20150423-0754
2016-10-07 11:52:35,328 - org.eclipse.mylyn.discovery.core - 3.18.0.v20151009-1724
2016-10-07 11:52:35,338 - org.eclipse.mylyn.discovery.ui - 3.18.0.v20151009-1724
2016-10-07 11:52:35,408 - org.eclipse.emf.ecore.edit - 2.9.0.v20160208-0841
2016-10-07 11:52:35,477 - org.eclipse.emf.ecore.change.edit - 2.6.0.v20160208-0841
2016-10-07 11:52:35,517 - org.eclipse.sequoyah.vnc.protocol - 2.1.0.N20120718-0509
2016-10-07 11:52:35,590 - org.eclipse.mylyn.versions.core - 1.10.0.v20151125-0025
2016-10-07 11:52:35,647 - org.eclipse.mylyn.versions.ui - 1.10.0.v20151009-2340
2016-10-07 11:52:35,692 - org.eclipse.emf.mapping.ecore - 2.6.0.v20160208-0841
2016-10-07 11:52:35,822 - org.eclipse.emf.mapping.ecore2ecore - 2.9.0.v20160208-0841
2016-10-07 11:52:36,011 - org.eclipse.emf.mapping.ecore2xml - 2.9.0.v20160208-0841
2016-10-07 11:52:36,066 - org.eclipse.andmore.traceview - 0.5.0.201605181018
2016-10-07 11:52:36,113 - org.eclipse.sequoyah.localization.android - 2.1.0.N20120718-0509
2016-10-07 11:52:36,124 - org.eclipse.sequoyah.localization.android.help - 2.1.1.N20120718-0509
2016-10-07 11:52:36,190 - org.eclipse.m2e.logback.configuration - 1.6.2.20150902-0002
2016-10-07 11:52:36,190 - org.eclipse.m2e.logback.appender - 1.6.2.20150902-0002
2016-10-07 11:52:36,247 - org.eclipse.emf.codegen - 2.11.0.v20160208-0841
2016-10-07 11:52:36,310 - org.eclipse.wst.dtd.ui - 1.0.801.v201308100602
2016-10-07 11:52:36,364 - org.eclipse.wst.dtd.ui.infopop - 1.0.400.v201309112106
2016-10-07 11:52:36,414 - org.eclipse.wst.sse.ui.infopop - 1.0.300.v201309112106
2016-10-07 11:52:36,507 - org.eclipse.wst.xml.ui.infopop - 1.0.400.v201309112106
2016-10-07 11:52:36,516 - org.eclipse.wst.sse.ui - 1.3.401.v201510130005
2016-10-07 11:52:36,516 - org.eclipse.wst.xml.ui - 1.1.501.v201501212057
2016-10-07 11:52:36,527 - org.eclipse.wst.xsd.ui - 1.2.510.v201511240257
2016-10-07 11:52:36,589 - org.eclipse.datatools.doc.user - 1.7.0.20090521092446
2016-10-07 11:52:36,643 - org.eclipse.datatools.oda.cshelp - 1.1.2.v201309200751
2016-10-07 11:52:36,643 - org.eclipse.datatools.help - 1.5.0.v200906020553
2016-10-07 11:52:36,742 - org.eclipse.emf - 2.6.0.v20160208-0841
2016-10-07 11:52:36,805 - org.eclipse.wb.layout.group - 1.8.0.r45x201506110824
2016-10-07 11:52:36,877 - org.eclipse.mylyn.tasks.bugs - 3.18.0.v20151009-2340
2016-10-07 11:52:36,878 - org.eclipse.mylyn.help.ui - 3.18.0.v20151009-2340
2016-10-07 11:52:36,943 - org.eclipse.draw2d - 3.10.1.201508170204
2016-10-07 11:52:36,992 - org.eclipse.emf.edit - 2.11.1.v20160208-0841
2016-10-07 11:52:37,073 - org.eclipse.mylyn.commons.core - 3.18.0.v20151019-2227
2016-10-07 11:52:37,087 - org.eclipse.mylyn.commons.screenshots - 3.18.0.v20151009-1724
2016-10-07 11:52:37,098 - org.eclipse.mylyn.commons.ui - 3.18.0.v20151116-1930
2016-10-07 11:52:37,099 - org.eclipse.mylyn.commons.workbench - 3.18.0.v20151102-1813
2016-10-07 11:52:37,208 - org.eclipse.mylyn.bugzilla.ide - 3.18.0.v20151013-1847
2016-10-07 11:52:37,209 - org.eclipse.mylyn.ide.ui - 3.18.0.v20151013-1847
2016-10-07 11:52:37,368 - org.eclipse.emf.databinding.edit - 1.3.0.v20160208-0841
2016-10-07 11:52:37,511 - org.eclipse.emf.codegen.ecore - 2.11.1.v20160208-0841
2016-10-07 11:52:37,674 - org.eclipse.emf.ant - 2.8.0.v20160208-0841
2016-10-07 11:52:38,763 - org.eclipse.m2e.archetype.common - 1.6.2.20150902-0001
2016-10-07 11:52:38,971 - org.eclipse.m2e.maven.indexer - 1.6.2.20150902-0001
2016-10-07 11:52:38,988 - org.eclipse.m2e.model.edit - 1.6.2.20150902-0002
2016-10-07 11:52:38,988 - org.eclipse.m2e.core - 1.6.2.20150902-0002
2016-10-07 11:52:38,998 - org.eclipse.m2e.launching - 1.6.2.20150902-0002
2016-10-07 11:52:39,075 - org.eclipse.m2e.workspace.cli - 0.3.1
2016-10-07 11:52:39,443 - org.eclipse.m2e.jdt - 1.6.2.20150902-0002
2016-10-07 11:52:39,463 - org.eclipse.m2e.editor - 1.6.2.20150902-0002
2016-10-07 11:52:39,483 - org.eclipse.m2e.editor.xml - 1.6.2.20150902-0002
2016-10-07 11:52:41,812 - org.eclipse.m2e.maven.runtime - 1.6.2.20150902-0001
2016-10-07 11:52:41,922 - org.eclipse.m2e.maven.runtime.slf4j.simple - 1.6.2.20150902-0001
2016-10-07 11:52:41,922 - org.eclipse.m2e.refactoring - 1.6.2.20150902-0002
2016-10-07 11:52:41,955 - org.eclipse.m2e.lifecyclemapping.defaults - 1.6.2.20150902-0002
2016-10-07 11:52:41,955 - org.eclipse.m2e.discovery - 1.6.2.20150902-0002
2016-10-07 11:52:41,964 - org.eclipse.m2e.core.ui - 1.6.2.20150902-0002
2016-10-07 11:52:41,980 - org.eclipse.m2e.scm - 1.6.2.20150902-0002
2016-10-07 11:52:41,981 - org.eclipse.m2e.jdt.ui - 1.6.2.20150902-0002
2016-10-07 11:52:42,066 - org.eclipse.m2e.profiles.core - 1.6.2.20150902-0002
2016-10-07 11:52:42,183 - org.eclipse.m2e.profiles.ui - 1.6.2.20150902-0002
2016-10-07 11:52:42,205 - org.eclipse.andmore.ndk - 0.5.0.201605181018
2016-10-07 11:52:42,240 - org.eclipse.andmore.gldebugger - 0.5.0.201605181018
2016-10-07 11:52:42,311 - org.eclipse.mylyn.hudson.core - 1.10.0.v20151013-2221
2016-10-07 11:52:42,470 - org.eclipse.mylyn.hudson.ui - 1.10.0.v20151013-2221
2016-10-07 11:52:42,610 - org.python.pydev.core - 5.1.2.201606231256
2016-10-07 11:52:42,718 - org.python.pydev.parser - 5.1.2.201606231256
2016-10-07 11:52:42,761 - org.python.pydev.ast - 5.1.2.201606231256
2016-10-07 11:52:42,944 - org.python.pydev.jython - 5.1.2.201606231256
2016-10-07 11:52:42,983 - org.python.pydev.help - 5.1.2.201606231256
2016-10-07 11:52:42,983 - org.python.pydev - 5.1.2.201606231256
2016-10-07 11:52:43,025 - org.python.pydev.debug - 5.1.2.201606231256
2016-10-07 11:52:43,155 - org.python.pydev.refactoring - 5.1.2.201606231256
2016-10-07 11:52:43,346 - org.python.pydev.customizations - 5.1.2.201606231256
2016-10-07 11:52:43,449 - org.python.pydev.django - 5.1.2.201606231256
2016-10-07 11:52:43,561 - com.python.pydev - 5.1.2.201606231256
2016-10-07 11:52:43,577 - com.python.pydev.analysis - 5.1.2.201606231256
2016-10-07 11:52:43,625 - com.python.pydev.fastparser - 5.1.2.201606231256
2016-10-07 11:52:43,708 - com.python.pydev.codecompletion - 5.1.2.201606231256
2016-10-07 11:52:43,716 - com.python.pydev.debug - 5.1.2.201606231256
2016-10-07 11:52:43,777 - com.python.pydev.refactoring - 5.1.2.201606231256
2016-10-07 11:52:44,022 - org.python.pydev.shared_interactive_console - 5.1.2.201606231256
2016-10-07 11:52:44,043 - org.python.pydev.shared_ui - 5.1.2.201606231256
2016-10-07 11:52:44,066 - org.python.pydev.shared_core - 5.1.2.201606231256
2016-10-07 11:52:44,145 - org.apache.commons.lang - 2.6.0.v201404270220
2016-10-07 11:52:44,146 - org.eclipse.xtext.ui - 2.9.1.v201512180746
2016-10-07 11:52:44,180 - org.eclipse.xtext.common.types.ui - 2.9.1.v201512180746
2016-10-07 11:52:44,328 - org.eclipse.xtext.common.types.shared - 2.9.1.v201512180746
2016-10-07 11:52:44,328 - org.eclipse.xtext.common.types.shared.jdt38 - 2.9.1.v201512180746
2016-10-07 11:52:44,342 - org.eclipse.xtext.ui.shared - 2.9.1.v201512180746
2016-10-07 11:52:44,388 - org.eclipse.xtext.ui.ecore - 2.9.1.v201512180746
2016-10-07 11:52:44,405 - org.eclipse.xtext.ui.codetemplates - 2.9.1.v201512180746
2016-10-07 11:52:44,418 - org.eclipse.xtext.ui.codetemplates.ui - 2.9.1.v201512180746
2016-10-07 11:52:44,433 - org.eclipse.xtext.common.types.edit - 2.9.1.v201512180746
2016-10-07 11:52:44,444 - org.eclipse.xtext.ide - 2.9.1.v201512180746
2016-10-07 11:52:44,524 - org.eclipse.epp.mpc.core - 1.4.2.v20160210-1948
2016-10-07 11:52:44,524 - org.eclipse.epp.mpc.ui - 1.4.2.v20160210-2005
2016-10-07 11:52:44,548 - org.eclipse.epp.mpc.help.ui - 1.4.2.v20160120-1701
2016-10-07 11:52:44,548 - org.apache.httpcomponents.httpclient - 4.3.6.v201411290715
2016-10-07 11:52:44,548 - org.apache.httpcomponents.httpcore - 4.3.3.v201411290715
2016-10-07 11:52:44,627 - org.eclipse.datatools.connectivity.oda.consumer - 3.2.6.v201403131814
2016-10-07 11:52:44,646 - org.eclipse.datatools.connectivity.oda.design - 3.3.6.v201403131814
2016-10-07 11:52:44,777 - org.eclipse.datatools.connectivity.oda.profile - 3.2.9.v201403131814
2016-10-07 11:52:44,777 - org.eclipse.datatools.connectivity.oda - 3.4.3.v201405301249
2016-10-07 11:52:44,777 - org.eclipse.datatools.connectivity - 1.2.11.v201401230755
2016-10-07 11:52:44,904 - org.eclipse.mylyn.git.core - 1.10.0.v20151009-2340
2016-10-07 11:52:44,978 - org.eclipse.mylyn.git.ui - 1.10.0.v20151009-2340
2016-10-07 11:52:45,022 - org.eclipse.andmore.android.certmanager - 0.5.0.201605181018
2016-10-07 11:52:45,097 - org.eclipse.epp.package.java - 4.5.2.20160218-0600
2016-10-07 11:52:45,224 - org.eclipse.recommenders.snipmatch - 2.3.0.v20160216-1255
2016-10-07 11:52:45,224 - org.eclipse.recommenders.snipmatch.rcp - 2.3.0.v20160216-1255
2016-10-07 11:52:45,289 - org.eclipse.cdt.gdb - 7.0.0.201602051005
2016-10-07 11:52:45,348 - org.eclipse.cdt.gdb.ui - 7.0.0.201602051005
2016-10-07 11:52:45,448 - org.eclipse.pde - 3.11.2.v20160212-1500
2016-10-07 11:52:45,535 - org.eclipse.pde.build - 3.9.100.v20150521-1524
2016-10-07 11:52:45,537 - org.eclipse.pde.core - 3.10.102.v20160128-0556
2016-10-07 11:52:45,617 - org.eclipse.pde.junit.runtime - 3.4.500.v20150423-1241
2016-10-07 11:52:45,629 - org.eclipse.pde.runtime - 3.4.500.v20150423-1241
2016-10-07 11:52:45,639 - org.eclipse.pde.ui - 3.8.202.v20160128-0556
2016-10-07 11:52:45,691 - org.eclipse.pde.doc.user - 3.11.2.v20160203-1325
2016-10-07 11:52:45,710 - org.eclipse.pde.ui.templates - 3.5.0.v20150818-1511
2016-10-07 11:52:45,711 - org.eclipse.ui.views.log - 1.0.600.v20150513-1840
2016-10-07 11:52:45,711 - org.objectweb.asm - 5.0.1.v201404251740
2016-10-07 11:52:45,891 - org.objectweb.asm.tree - 5.0.1.v201404251740
2016-10-07 11:52:45,919 - org.eclipse.pde.api.tools - 1.0.701.v20150831-1041
2016-10-07 11:52:46,008 - org.eclipse.pde.api.tools.annotations - 1.0.0.v20140602-1527
2016-10-07 11:52:46,021 - org.eclipse.pde.api.tools.ui - 1.0.600.v20150831-0659
2016-10-07 11:52:46,041 - org.eclipse.pde.ds.core - 1.0.400.v20150423-1241
2016-10-07 11:52:46,062 - org.eclipse.pde.ds.ui - 1.0.400.v20150506-1709
2016-10-07 11:52:46,063 - org.eclipse.pde.launching - 3.6.301.v20160128-0556
2016-10-07 11:52:46,074 - org.eclipse.pde.ua.core - 1.0.400.v20150220-1252
2016-10-07 11:52:46,097 - org.eclipse.pde.ua.ui - 1.0.400.v20150513-1136
2016-10-07 11:52:46,097 - org.eclipse.ui.trace - 1.0.300.v20150220-1252
2016-10-07 11:52:46,156 - org.eclipse.sequoyah.localization.tools - 2.1.0.N20120718-0509
2016-10-07 11:52:46,167 - org.eclipse.sequoyah.localization.editor - 2.1.0.N20120718-0509
2016-10-07 11:52:46,245 - net.sourceforge.lpg.lpgjavaruntime - 1.1.0.v201004271650
2016-10-07 11:52:46,266 - org.eclipse.datatools.sqltools.parsers.sql.lexer - 1.0.1.v201107221520
2016-10-07 11:52:46,284 - org.eclipse.datatools.sqltools.parsers.sql.query - 1.2.1.v201201250511
2016-10-07 11:52:46,316 - org.eclipse.datatools.sqltools.parsers.sql.xml.query - 1.0.0.v201107221520
2016-10-07 11:52:46,316 - org.eclipse.datatools.sqltools.parsers.sql - 1.0.2.v201107221520
2016-10-07 11:52:46,393 - org.eclipse.mylyn.java.ui - 3.18.0.v20151013-1847
2016-10-07 11:52:46,552 - org.eclipse.mylyn.java.tasks - 3.18.0.v20151013-1847
2016-10-07 11:52:46,552 - org.eclipse.mylyn.ide.ui - 3.18.0.v20151013-1847
2016-10-07 11:52:46,642 - org.eclipse.mylyn.ide.ant - 3.18.0.v20151013-1847
2016-10-07 11:52:46,719 - org.eclipse.mylyn.debug.ui - 3.18.0.v20151013-1847
2016-10-07 11:52:46,812 - org.eclipse.xtext.activities - 2.9.1.v201512180746
2016-10-07 11:52:46,812 - org.eclipse.xtext.xtext.ui - 2.9.1.v201512180746
2016-10-07 11:52:46,813 - org.eclipse.xtext.xtext.ui.graph - 2.9.1.v201512180746
2016-10-07 11:52:46,857 - org.eclipse.xtext.doc - 2.9.1.v201512180746
2016-10-07 11:52:46,958 - org.eclipse.mylyn.team.ui - 3.18.0.v20151120-2228
2016-10-07 11:52:47,003 - org.eclipse.emf.common.ui - 2.10.1.v20160208-0841
2016-10-07 11:52:47,072 - org.eclipse.datatools.sqltools.sql - 1.0.1.v201110050515
2016-10-07 11:52:47,072 - org.eclipse.datatools.sqltools.common.ui - 1.0.1.v201212120623
2016-10-07 11:52:47,072 - org.eclipse.datatools.sqltools.plan - 1.0.0.v201107221520
2016-10-07 11:52:47,072 - org.eclipse.datatools.sqltools.editor.core - 1.0.3.v201212120623
2016-10-07 11:52:47,072 - org.eclipse.datatools.sqltools.sqleditor - 1.0.4.v201212120623
2016-10-07 11:52:47,072 - org.eclipse.datatools.sqltools.ddlgen.ui - 1.0.3.v201211200616
2016-10-07 11:52:47,133 - org.eclipse.datatools.connectivity.db.generic - 1.0.1.v201107221459
2016-10-07 11:52:47,133 - org.eclipse.datatools.sqltools.editor.core.ui - 1.0.0.v201001150815
2016-10-07 11:52:47,133 - org.eclipse.datatools.sqltools.sql.ui - 1.0.1.v201201270735
2016-10-07 11:52:47,183 - org.eclipse.mylyn.commons.repositories.core - 1.10.0.v20151009-1724
2016-10-07 11:52:47,183 - org.eclipse.mylyn.commons.repositories.ui - 1.10.0.v20151116-1930
2016-10-07 11:52:47,234 - org.eclipse.sequoyah.device.common.utilities - 2.1.0.N20120718-0509
2016-10-07 11:52:47,300 - org.eclipse.andmore.android.common - 0.5.0.201605181018
2016-10-07 11:52:47,309 - org.eclipse.andmore.android.codeutils - 0.5.0.201605181018
2016-10-07 11:52:47,434 - org.eclipse.andmore.android.translation - 0.5.0.201605181018
2016-10-07 11:52:47,451 - org.eclipse.andmore.android.codesnippets - 0.5.0.201605181018
2016-10-07 11:52:47,451 - org.eclipse.andmore.android.db.core - 0.5.0.201605181018
2016-10-07 11:52:47,451 - org.eclipse.andmore.android.logger - 0.5.0.201605181018
2016-10-07 11:52:47,512 - org.eclipse.andmore.android - 0.5.0.201605181018
2016-10-07 11:52:47,522 - org.eclipse.andmore.android.emulator - 0.5.0.201605181018
2016-10-07 11:52:47,537 - org.eclipse.andmore.android.launch - 0.5.0.201605181018
2016-10-07 11:52:47,537 - org.eclipse.andmore.android.packaging.ui - 0.5.0.201605181018
2016-10-07 11:52:47,606 - org.eclipse.andmore.android.handset - 0.5.0.201605181018
2016-10-07 11:52:47,606 - org.eclipse.andmore.android.remote - 0.5.0.201605181018
2016-10-07 11:52:47,606 - org.eclipse.andmore.android.win32.x86_64 - 0.5.0.201605181018
2016-10-07 11:52:47,606 - org.eclipse.andmore.android.mat - 0.5.0.201605181018
2016-10-07 11:52:47,607 - org.eclipse.andmore.android.devices.services - 0.5.0.201605181018
2016-10-07 11:52:47,617 - org.eclipse.andmore.android.db.devices - 0.5.0.201605181018
2016-10-07 11:52:47,647 - org.eclipse.andmore.android.installer - 0.5.0.201605181018
2016-10-07 11:52:47,753 - org.eclipse.andmore.android.logger.collector - 0.5.0.201605181018
2016-10-07 11:52:47,808 - org.eclipse.emf.mapping.ui - 2.7.0.v20160208-0841
2016-10-07 11:52:47,876 - org.eclipse.mylyn.monitor.core - 3.18.0.v20151009-1724
2016-10-07 11:52:47,877 - org.eclipse.mylyn.monitor.ui - 3.18.0.v20151009-1724
2016-10-07 11:52:47,948 - org.eclipse.xtext.junit4 - 2.9.1.v201512180746
2016-10-07 11:52:47,973 - org.eclipse.xtext.purexbase - 2.9.1.v201512180746
2016-10-07 11:52:47,991 - org.eclipse.xtext.purexbase.ui - 2.9.1.v201512180746
2016-10-07 11:52:48,099 - org.eclipse.xtext.m2e - 2.9.1.v201512180746
2016-10-07 11:52:48,157 - org.eclipse.xtext.idea.generator - 2.9.1.v201512180746
2016-10-07 11:52:48,291 - org.eclipse.datatools.connectivity.oda.template.ui - 3.2.5.v201403131814
2016-10-07 11:52:48,336 - org.eclipse.sequoyah.vnc.vncviewer - 2.1.0.N20120718-0509
2016-10-07 11:52:48,387 - org.eclipse.emf.codegen.ecore.ui - 2.11.1.v20160208-0841
2016-10-07 11:52:48,436 - org.eclipse.emf.ecore.editor - 2.11.0.v20160208-0841
2016-10-07 11:52:48,488 - org.eclipse.wb.core.ui - 1.8.0.r45x201506110822
2016-10-07 11:52:48,543 - org.eclipse.mylyn.builds.core - 1.10.0.v20151013-2221
2016-10-07 11:52:48,551 - org.eclipse.mylyn.builds.ui - 1.10.0.v20151211-2137
2016-10-07 11:52:48,629 - org.eclipse.mylyn.context.core - 3.18.0.v20151013-1847
2016-10-07 11:52:48,630 - org.eclipse.mylyn.context.ui - 3.18.0.v20151014-2324
2016-10-07 11:52:48,649 - org.eclipse.mylyn.resources.ui - 3.18.0.v20151013-1847
2016-10-07 11:52:48,649 - org.eclipse.mylyn.context.tasks.ui - 3.18.0.v20151013-1847
2016-10-07 11:52:48,696 - org.eclipse.emf.databinding - 1.3.0.v20160208-0841
2016-10-07 11:52:48,753 - org.eclipse.wb.swing - 1.8.0.r45x201506110826
2016-10-07 11:52:48,931 - org.eclipse.wb.swing.FormLayout.lib - 1.8.0.r45x201506110826
2016-10-07 11:52:48,946 - org.eclipse.wb.swing.FormLayout - 1.8.0.r45x201506110826
2016-10-07 11:52:49,069 - org.eclipse.wb.swing.MigLayout.lib - 1.8.0.r45x201506110826
2016-10-07 11:52:49,087 - org.eclipse.wb.swing.MigLayout - 1.8.0.r45x201506110826
2016-10-07 11:52:49,102 - org.eclipse.wb.swing.databinding - 1.8.0.r45x201506110826
2016-10-07 11:52:49,199 - org.eclipse.wb.swing.jsr296 - 1.8.0.r45x201506110826
2016-10-07 11:52:49,211 - org.eclipse.wb.swing.java6 - 1.8.0.r45x201506110826
2016-10-07 11:52:49,279 - org.eclipse.datatools.connectivity.sqm.core.ui - 1.2.3.v201212070447
2016-10-07 11:52:49,279 - org.eclipse.datatools.connectivity.sqm.core - 1.2.8.v201401230755
2016-10-07 11:52:49,292 - org.eclipse.datatools.connectivity.sqm.server.ui - 1.1.101.v201212070447
2016-10-07 11:52:49,292 - org.eclipse.datatools.connectivity.ui.dse - 1.1.5.v201212070447
2016-10-07 11:52:49,292 - org.eclipse.datatools.connectivity.ui - 1.2.4.v201212070447
2016-10-07 11:52:49,292 - org.eclipse.datatools.connectivity - 1.2.11.v201401230755
2016-10-07 11:52:49,292 - org.eclipse.datatools.help - 1.5.0.v200906020553
2016-10-07 11:52:49,368 - org.eclipse.datatools.connectivity.console.profile - 1.0.10.v201109250955
2016-10-07 11:52:49,431 - org.eclipse.oomph.setup - 1.3.0.v20160213-0953
2016-10-07 11:52:49,460 - org.eclipse.oomph.setup.edit - 1.3.0.v20160213-0953
2016-10-07 11:52:49,460 - org.eclipse.oomph.setup.core - 1.3.0.v20160213-0953
2016-10-07 11:52:49,461 - org.eclipse.oomph.setup.sync - 1.3.0.v20160213-0953
2016-10-07 11:52:49,462 - org.eclipse.oomph.setup.p2 - 1.3.0.v20160213-0953
2016-10-07 11:52:49,462 - org.eclipse.oomph.setup.p2.edit - 1.3.0.v20160213-0953
2016-10-07 11:52:49,463 - org.eclipse.oomph.preferences - 1.3.0.v20160213-0953
2016-10-07 11:52:49,647 - org.eclipse.oomph.jreinfo - 1.3.0.v20160213-0953
2016-10-07 11:52:49,647 - org.eclipse.oomph.jreinfo.win32.x86_64 - 1.1.100.v20160213-0953
2016-10-07 11:52:49,722 - org.eclipse.oomph.extractor.lib - 1.1.0.v20160213-0953
2016-10-07 11:52:49,722 - org.apache.commons.logging - 1.1.1.v201101211721
2016-10-07 11:52:49,723 - org.apache.commons.codec - 1.6.0.v201305230611
2016-10-07 11:52:49,723 - org.apache.httpcomponents.httpclient - 4.3.6.v201411290715
2016-10-07 11:52:49,723 - org.apache.httpcomponents.httpcore - 4.3.3.v201411290715
2016-10-07 11:52:49,723 - org.eclipse.userstorage - 1.0.0.v20151212-0935
2016-10-07 11:52:49,723 - org.eclipse.userstorage.ui - 1.0.0.v20151216-0912
