2016-10-07 11:52:49,723 [Worker-6] DEBUG class java.lang.Class - Starting Andmore Common Plugin...
2016-10-07 11:52:49,724 [Worker-6] DEBUG class java.lang.Class - Andmore Common Plugin started.
2016-10-07 11:52:49,724 [Worker-6] DEBUG class java.lang.Class - Starting Andmore Plugin...
2016-10-07 11:52:49,732 [Worker-6] DEBUG class java.lang.Class - Andmore Plugin started.
2016-10-07 11:52:49,798 [Worker-6] DEBUG class java.lang.Class - Starting Andmore Emulator Plugin...
2016-10-07 11:52:49,823 [Worker-6] DEBUG class java.lang.Class - Andmore Emulator Plugin started.
2016-10-07 11:52:50,017 [Worker-6] DEBUG class java.lang.Class - Starting Andmore Device Services Plugin...
2016-10-07 11:52:50,017 [Worker-6] DEBUG class java.lang.Class - Andmore Device Services Plugin started.
2016-10-07 11:52:50,034 [Worker-6] DEBUG class java.lang.Class - Starting Andmore Handset Plugin...
2016-10-07 11:52:50,035 [Worker-6] DEBUG class java.lang.Class - Andmore Handset Plugin started.
2016-10-07 11:52:50,046 [Worker-6] DEBUG class java.lang.Class - Starting Andmore Remote Device Plugin...
2016-10-07 11:52:50,047 [Worker-6] DEBUG class java.lang.Class - Starting Andmore Remote Device Plugin started.
2016-10-07 11:52:50,056 [Worker-6] INFO  Studio for Android - [Status: id=org.eclipse.andmore.android.emulator.status.offline;name=Offline]
2016-10-07 11:52:50,056 [Worker-6] INFO  Studio for Android - [Status: id=org.eclipse.andmore.android.handset.status.handsetonline;name=Online]
2016-10-07 11:52:50,056 [Worker-6] INFO  Studio for Android - [Status: id=INACTIVE;name=INACTIVE]
2016-10-07 11:52:50,056 [Worker-6] INFO  Studio for Android - [Status: id=org.eclipse.andmore.android.emulator.status.notavailable;name=Not available]
2016-10-07 11:52:50,056 [Worker-6] INFO  Studio for Android - [Status: id=IDLE;name=IDLE]
2016-10-07 11:52:50,056 [Worker-6] INFO  Studio for Android - [Status: id=org.eclipse.andmore.android.remote.status.connected;name=Connected]
2016-10-07 11:52:50,056 [Worker-6] INFO  Studio for Android - [Status: id=org.eclipse.andmore.android.remote.status.disconnected;name=Disconnected]
2016-10-07 11:52:50,056 [Worker-6] INFO  Studio for Android - [Status: id=org.eclipse.andmore.android.emulator.status.online;name=Online]
2016-10-07 11:52:50,056 [Worker-6] INFO  Studio for Android - [Status: id=OFF;name=OFF]
2016-10-07 11:52:50,056 [Worker-6] INFO  Studio for Android - [Status: id=org.eclipse.andmore.android.emulator.status.offlineNoData;name=Offline (no user data)]
2016-10-07 11:56:46,066 [main] DEBUG class java.lang.Class - Starting Eclipse Andmore Database Core Plugin...
2016-10-07 11:56:46,121 [main] DEBUG Studio for Android - JDBC Driver Location:bundleentry://644.fwk1110618954/res/androidjdbc.jar JDBC Driver getBundle().getLocation():reference:file:plugins/org.eclipse.andmore.android.common_0.5.0.201605181018.jar
2016-10-07 11:56:46,127 [main] DEBUG Studio for Android - JDBC Driver Path:C:\Users\zoemu\Downloads\eclipse-java-mars-2-win32-x86_64\eclipse\configuration\org.eclipse.osgi\644\0\.cp\res\androidjdbc.jar
2016-10-07 11:56:46,127 [main] DEBUG Studio for Android - JDBC Driver Location:bundleentry://644.fwk1110618954/res/androidjdbc.jar JDBC Driver getBundle().getLocation():reference:file:plugins/org.eclipse.andmore.android.common_0.5.0.201605181018.jar
2016-10-07 11:56:46,127 [main] DEBUG Studio for Android - JDBC Driver Path:C:\Users\zoemu\Downloads\eclipse-java-mars-2-win32-x86_64\eclipse\configuration\org.eclipse.osgi\644\0\.cp\res\androidjdbc.jar
2016-10-07 11:56:46,159 [main] INFO  Studio for Android - Created a JDBC driver instance at Data Tools.
2016-10-07 11:56:46,168 [main] DEBUG class java.lang.Class - Eclipse Andmore Database Core Plugin started.
2016-10-07 11:56:46,168 [main] DEBUG class java.lang.Class - Starting Eclipse Andmore Database Devices Support Plugin...
2016-10-07 11:56:46,182 [main] DEBUG class java.lang.Class - Eclipse Andmore Database Devices Support Plugin started...
2016-10-07 11:56:46,914 [Framework stop] DEBUG Studio for Android - org.eclipse.sequoyah.device.framework.wizard.DeviceWizardPlugin-SHUTDOWN
2016-10-07 11:56:47,487 [Framework stop] DEBUG Studio for Android - org.eclipse.sequoyah.device.service.start.StartServicePlugin-SHUTDOWN
2016-10-07 11:56:47,496 [Framework stop] DEBUG Studio for Android - org.eclipse.sequoyah.device.framework.ui.DeviceUIPlugin-SHUTDOWN
2016-10-07 11:56:47,496 [Framework stop] DEBUG Studio for Android - org.eclipse.sequoyah.device.service.stop.StopServicePlugin-SHUTDOWN
2016-10-07 11:56:47,496 [Framework stop] DEBUG Studio for Android - org.eclipse.sequoyah.device.framework.DevicePlugin-SHUTDOWN
